{"D:\\SourceCode\\stdapi\\resources\\assets\\js\\components\\sys\\layout\\Error.js": {"path":"D:\\SourceCode\\stdapi\\resources\\assets\\js\\components\\sys\\layout\\Error.js","statementMap":{"0":{"start":{"line":5,"column":4},"end":{"line":11,"column":5}}},"fnMap":{"0":{"name":"(anonymous_0)","decl":{"start":{"line":4,"column":2},"end":{"line":4,"column":3}},"loc":{"start":{"line":4,"column":11},"end":{"line":12,"column":3}},"line":4}},"branchMap":{},"s":{"0":1},"f":{"0":1},"b":{},"_coverageSchema":"332fd63041d2c1bcb487cc26dd0d5f7d97098a6c","hash":"6631b5bdde6e764a1f4f91a59f4726e6b0fe4d2c"}
,"D:\\SourceCode\\stdapi\\resources\\assets\\js\\components\\sys\\layout\\Hello.js": {"path":"D:\\SourceCode\\stdapi\\resources\\assets\\js\\components\\sys\\layout\\Hello.js","statementMap":{"0":{"start":{"line":5,"column":4},"end":{"line":20,"column":5}}},"fnMap":{"0":{"name":"(anonymous_0)","decl":{"start":{"line":4,"column":2},"end":{"line":4,"column":3}},"loc":{"start":{"line":4,"column":11},"end":{"line":21,"column":3}},"line":4}},"branchMap":{},"s":{"0":1},"f":{"0":1},"b":{},"_coverageSchema":"332fd63041d2c1bcb487cc26dd0d5f7d97098a6c","hash":"2a493f4a9df38d2a3363f7a2f1831ca686332513"}
}
